<?xml version="1.0" encoding="UTF-8"?>
<!-- Generated by org.testng.reporters.JUnitReportReporter -->
<testsuite hostname="Mamatha" failures="0" tests="1" name="LloydsBank.Lloyds" time="12.486" errors="0" timestamp="2024-02-29T20:51:11 IST" skipped="0">
  <testcase classname="LloydsBank.Lloyds" name="LaunchURLandBranchFinder" time="12.486"/>
  <system-out/>
</testsuite> <!-- LloydsBank.Lloyds -->
